\BOOKMARK [1][-]{section.1}{Introduction}{}% 1
\BOOKMARK [2][-]{subsection.1.1}{State of the art}{section.1}% 2
\BOOKMARK [2][-]{subsection.1.2}{Contributions}{section.1}% 3
\BOOKMARK [2][-]{subsection.1.3}{Organization}{section.1}% 4
\BOOKMARK [1][-]{section.2}{Median graphs}{}% 5
\BOOKMARK [2][-]{subsection.2.1}{-classes}{section.2}% 6
\BOOKMARK [2][-]{subsection.2.2}{Shortest paths and signature}{section.2}% 7
\BOOKMARK [2][-]{subsection.2.3}{Orthogonal -classes and hypercubes}{section.2}% 8
\BOOKMARK [1][-]{section.3}{Simplex graphs}{}% 9
\BOOKMARK [2][-]{subsection.3.1}{Simplex and crossing graphs: cliques, diameter and opposites}{section.3}% 10
\BOOKMARK [2][-]{subsection.3.2}{Quasilinear algorithm for all eccentricities in simplex graphs}{section.3}% 11
\BOOKMARK [3][-]{subsubsection.3.2.1}{Tree structure of the opposites}{subsection.3.2}% 12
\BOOKMARK [3][-]{subsubsection.3.2.2}{Constraint pairs}{subsection.3.2}% 13
\BOOKMARK [3][-]{subsubsection.3.2.3}{Analysis}{subsection.3.2}% 14
\BOOKMARK [1][-]{section.4}{Subquadratic-time algorithm for all eccentricities on median graphs}{}% 15
\BOOKMARK [2][-]{subsection.4.1}{Linear FPT algorithm for constant-dimension median graphs}{section.4}% 16
\BOOKMARK [3][-]{subsubsection.4.1.1}{Ladder labels}{subsection.4.1}% 17
\BOOKMARK [3][-]{subsubsection.4.1.2}{Opposite labels}{subsection.4.1}% 18
\BOOKMARK [3][-]{subsubsection.4.1.3}{Anti-ladder labels}{subsection.4.1}% 19
\BOOKMARK [3][-]{subsubsection.4.1.4}{Better time complexity for all eccentricities}{subsection.4.1}% 20
\BOOKMARK [2][-]{subsection.4.2}{Tackling the general case}{section.4}% 21
\BOOKMARK [1][-]{section.5}{Generalization and improvements}{}% 22
\BOOKMARK [2][-]{subsection.5.1}{Reach centrality}{section.5}% 23
\BOOKMARK [2][-]{subsection.5.2}{MOP structure}{section.5}% 24
\BOOKMARK [3][-]{subsubsection.5.2.1}{Definition and relationship with labelings}{subsection.5.2}% 25
\BOOKMARK [3][-]{subsubsection.5.2.2}{Cardinality of MOPs}{subsection.5.2}% 26
\BOOKMARK [1][-]{section.6}{Conclusion}{}% 27
