\BOOKMARK [1][-]{section.1}{\376\377\0001\000\040\000I\000n\000t\000r\000o\000d\000u\000c\000t\000i\000o\000n}{}% 1
\BOOKMARK [2][-]{subsection.1.1}{\376\377\0001\000.\0001\000\040\000S\000t\000a\000t\000e\000\040\000o\000f\000\040\000t\000h\000e\000\040\000a\000r\000t}{section.1}% 2
\BOOKMARK [2][-]{subsection.1.2}{\376\377\0001\000.\0002\000\040\000C\000o\000n\000t\000r\000i\000b\000u\000t\000i\000o\000n\000s}{section.1}% 3
\BOOKMARK [2][-]{subsection.1.3}{\376\377\0001\000.\0003\000\040\000O\000r\000g\000a\000n\000i\000z\000a\000t\000i\000o\000n}{section.1}% 4
\BOOKMARK [1][-]{section.2}{\376\377\0002\000\040\000M\000e\000d\000i\000a\000n\000\040\000g\000r\000a\000p\000h\000s}{}% 5
\BOOKMARK [2][-]{subsection.2.1}{\376\377\0002\000.\0001\000\040\000-\000c\000l\000a\000s\000s\000e\000s}{section.2}% 6
\BOOKMARK [2][-]{subsection.2.2}{\376\377\0002\000.\0002\000\040\000S\000h\000o\000r\000t\000e\000s\000t\000\040\000p\000a\000t\000h\000s\000\040\000a\000n\000d\000\040\000s\000i\000g\000n\000a\000t\000u\000r\000e}{section.2}% 7
\BOOKMARK [2][-]{subsection.2.3}{\376\377\0002\000.\0003\000\040\000O\000r\000t\000h\000o\000g\000o\000n\000a\000l\000\040\000-\000c\000l\000a\000s\000s\000e\000s\000\040\000a\000n\000d\000\040\000h\000y\000p\000e\000r\000c\000u\000b\000e\000s}{section.2}% 8
\BOOKMARK [2][-]{subsection.2.4}{\376\377\0002\000.\0004\000\040\000M\000a\000x\000i\000m\000a\000l\000\040\000P\000O\000F\000s}{section.2}% 9
\BOOKMARK [1][-]{section.3}{\376\377\0003\000\040\000S\000i\000m\000p\000l\000e\000x\000\040\000g\000r\000a\000p\000h\000s}{}% 10
\BOOKMARK [1][-]{section.4}{\376\377\0004\000\040\000S\000u\000b\000q\000u\000a\000d\000r\000a\000t\000i\000c\000-\000t\000i\000m\000e\000\040\000a\000l\000g\000o\000r\000i\000t\000h\000m\000\040\000f\000o\000r\000\040\000a\000l\000l\000\040\000e\000c\000c\000e\000n\000t\000r\000i\000c\000i\000t\000i\000e\000s\000\040\000o\000n\000\040\000m\000e\000d\000i\000a\000n\000\040\000g\000r\000a\000p\000h\000s}{}% 11
\BOOKMARK [2][-]{subsection.4.1}{\376\377\0004\000.\0001\000\040\000L\000i\000n\000e\000a\000r\000\040\000F\000P\000T\000\040\000a\000l\000g\000o\000r\000i\000t\000h\000m\000\040\000f\000o\000r\000\040\000c\000o\000n\000s\000t\000a\000n\000t\000-\000d\000i\000m\000e\000n\000s\000i\000o\000n\000\040\000m\000e\000d\000i\000a\000n\000\040\000g\000r\000a\000p\000h\000s}{section.4}% 12
\BOOKMARK [2][-]{subsection.4.2}{\376\377\0004\000.\0002\000\040\000T\000a\000c\000k\000l\000i\000n\000g\000\040\000t\000h\000e\000\040\000g\000e\000n\000e\000r\000a\000l\000\040\000c\000a\000s\000e}{section.4}% 13
\BOOKMARK [1][-]{section.5}{\376\377\0005\000\040\000G\000e\000n\000e\000r\000a\000l\000i\000z\000a\000t\000i\000o\000n\000\040\000a\000n\000d\000\040\000i\000m\000p\000r\000o\000v\000e\000m\000e\000n\000t\000s}{}% 14
\BOOKMARK [2][-]{subsection.5.1}{\376\377\0005\000.\0001\000\040\000R\000e\000a\000c\000h\000\040\000c\000e\000n\000t\000r\000a\000l\000i\000t\000y}{section.5}% 15
\BOOKMARK [2][-]{subsection.5.2}{\376\377\0005\000.\0002\000\040\000M\000O\000P\000\040\000s\000t\000r\000u\000c\000t\000u\000r\000e}{section.5}% 16
\BOOKMARK [3][-]{subsubsection.5.2.1}{\376\377\0005\000.\0002\000.\0001\000\040\000D\000e\000f\000i\000n\000i\000t\000i\000o\000n\000\040\000a\000n\000d\000\040\000r\000e\000l\000a\000t\000i\000o\000n\000s\000h\000i\000p\000\040\000w\000i\000t\000h\000\040\000e\000c\000c\000e\000n\000t\000r\000i\000c\000i\000t\000i\000e\000s}{subsection.5.2}% 17
\BOOKMARK [3][-]{subsubsection.5.2.2}{\376\377\0005\000.\0002\000.\0002\000\040\000C\000a\000r\000d\000i\000n\000a\000l\000i\000t\000y\000\040\000o\000f\000\040\000M\000O\000P\000s}{subsection.5.2}% 18
\BOOKMARK [1][-]{section.6}{\376\377\0006\000\040\000C\000o\000n\000c\000l\000u\000s\000i\000o\000n}{}% 19
\BOOKMARK [1][-]{appendix.A}{\376\377\000A\000\040\000A\000p\000p\000e\000n\000d\000i\000x\000\040\000f\000o\000r\000\040\000S\000e\000c\000t\000i\000o\000n\000\040\0002}{}% 20
\BOOKMARK [2][-]{subsection.A.1}{\376\377\000A\000.\0001\000\040\000S\000h\000o\000r\000t\000e\000s\000t\000\040\000p\000a\000t\000h\000s\000\040\000a\000n\000d\000\040\000s\000i\000g\000n\000a\000t\000u\000r\000e}{appendix.A}% 21
\BOOKMARK [2][-]{subsection.A.2}{\376\377\000A\000.\0002\000\040\000O\000r\000t\000h\000o\000g\000o\000n\000a\000l\000\040\000-\000c\000l\000a\000s\000s\000e\000s\000\040\000a\000n\000d\000\040\000h\000y\000p\000e\000r\000c\000u\000b\000e\000s}{appendix.A}% 22
\BOOKMARK [2][-]{subsection.A.3}{\376\377\000A\000.\0003\000\040\000M\000a\000x\000i\000m\000a\000l\000\040\000P\000O\000F\000s}{appendix.A}% 23
\BOOKMARK [1][-]{appendix.B}{\376\377\000B\000\040\000A\000p\000p\000e\000n\000d\000i\000x\000\040\000f\000o\000r\000\040\000S\000e\000c\000t\000i\000o\000n\000\040\0003}{}% 24
\BOOKMARK [2][-]{subsection.B.1}{\376\377\000B\000.\0001\000\040\000S\000i\000m\000p\000l\000e\000x\000\040\000a\000n\000d\000\040\000c\000r\000o\000s\000s\000i\000n\000g\000\040\000g\000r\000a\000p\000h\000s\000:\000\040\000c\000l\000i\000q\000u\000e\000s\000,\000\040\000d\000i\000a\000m\000e\000t\000e\000r\000\040\000a\000n\000d\000\040\000o\000p\000p\000o\000s\000i\000t\000e\000s}{appendix.B}% 25
\BOOKMARK [2][-]{subsection.B.2}{\376\377\000B\000.\0002\000\040\000Q\000u\000a\000s\000i\000l\000i\000n\000e\000a\000r\000\040\000a\000l\000g\000o\000r\000i\000t\000h\000m\000\040\000f\000o\000r\000\040\000a\000l\000l\000\040\000e\000c\000c\000e\000n\000t\000r\000i\000c\000i\000t\000i\000e\000s\000\040\000i\000n\000\040\000s\000i\000m\000p\000l\000e\000x\000\040\000g\000r\000a\000p\000h\000s}{appendix.B}% 26
\BOOKMARK [3][-]{subsubsection.B.2.1}{\376\377\000B\000.\0002\000.\0001\000\040\000T\000r\000e\000e\000\040\000s\000t\000r\000u\000c\000t\000u\000r\000e\000\040\000o\000f\000\040\000t\000h\000e\000\040\000o\000p\000p\000o\000s\000i\000t\000e\000s}{subsection.B.2}% 27
\BOOKMARK [3][-]{subsubsection.B.2.2}{\376\377\000B\000.\0002\000.\0002\000\040\000C\000o\000n\000s\000t\000r\000a\000i\000n\000t\000\040\000p\000a\000i\000r\000s}{subsection.B.2}% 28
\BOOKMARK [3][-]{subsubsection.B.2.3}{\376\377\000B\000.\0002\000.\0003\000\040\000A\000n\000a\000l\000y\000s\000i\000s}{subsection.B.2}% 29
\BOOKMARK [1][-]{appendix.C}{\376\377\000C\000\040\000A\000p\000p\000e\000n\000d\000i\000x\000\040\000f\000o\000r\000\040\000S\000e\000c\000t\000i\000o\000n\000\040\0004}{}% 30
\BOOKMARK [2][-]{subsection.C.1}{\376\377\000C\000.\0001\000\040\000L\000i\000n\000e\000a\000r\000\040\000F\000P\000T\000\040\000a\000l\000g\000o\000r\000i\000t\000h\000m\000\040\000f\000o\000r\000\040\000c\000o\000n\000s\000t\000a\000n\000t\000-\000d\000i\000m\000e\000n\000s\000i\000o\000n\000\040\000m\000e\000d\000i\000a\000n\000\040\000g\000r\000a\000p\000h\000s}{appendix.C}% 31
\BOOKMARK [3][-]{subsubsection.C.1.1}{\376\377\000C\000.\0001\000.\0001\000\040\000L\000a\000d\000d\000e\000r\000\040\000l\000a\000b\000e\000l\000s}{subsection.C.1}% 32
\BOOKMARK [3][-]{subsubsection.C.1.2}{\376\377\000C\000.\0001\000.\0002\000\040\000O\000p\000p\000o\000s\000i\000t\000e\000\040\000l\000a\000b\000e\000l\000s}{subsection.C.1}% 33
\BOOKMARK [3][-]{subsubsection.C.1.3}{\376\377\000C\000.\0001\000.\0003\000\040\000A\000n\000t\000i\000-\000l\000a\000d\000d\000e\000r\000\040\000l\000a\000b\000e\000l\000s}{subsection.C.1}% 34
\BOOKMARK [3][-]{subsubsection.C.1.4}{\376\377\000C\000.\0001\000.\0004\000\040\000B\000e\000t\000t\000e\000r\000\040\000t\000i\000m\000e\000\040\000c\000o\000m\000p\000l\000e\000x\000i\000t\000y\000\040\000f\000o\000r\000\040\000a\000l\000l\000\040\000e\000c\000c\000e\000n\000t\000r\000i\000c\000i\000t\000i\000e\000s}{subsection.C.1}% 35
\BOOKMARK [2][-]{subsection.C.2}{\376\377\000C\000.\0002\000\040\000P\000r\000o\000o\000f\000s\000\040\000o\000f\000\040\000S\000e\000c\000t\000i\000o\000n\000\040\0004\000.\0002}{appendix.C}% 36
\BOOKMARK [1][-]{appendix.D}{\376\377\000D\000\040\000A\000p\000p\000e\000n\000d\000i\000x\000\040\000f\000o\000r\000\040\000S\000e\000c\000t\000i\000o\000n\000\040\0005}{}% 37
\BOOKMARK [2][-]{subsection.D.1}{\376\377\000D\000.\0001\000\040\000R\000e\000a\000c\000h\000\040\000c\000e\000n\000t\000r\000a\000l\000i\000t\000y}{appendix.D}% 38
\BOOKMARK [2][-]{subsection.D.2}{\376\377\000D\000.\0002\000\040\000P\000r\000o\000o\000f\000s\000\040\000o\000f\000\040\000S\000e\000c\000t\000i\000o\000n\000\040\0005\000.\0002}{appendix.D}% 39
